#
# There is insufficient memory for the Java Runtime Environment to continue.
# Native memory allocation (malloc) failed to allocate 221776 bytes. Error detail: Chunk::new
# Possible reasons:
#   The system is out of physical RAM or swap space
#   This process is running with CompressedOops enabled, and the Java Heap may be blocking the growth of the native heap
# Possible solutions:
#   Reduce memory load on the system
#   Increase physical memory or swap space
#   Check if swap backing store is full
#   Decrease Java heap size (-Xmx/-Xms)
#   Decrease number of Java threads
#   Decrease Java thread stack sizes (-Xss)
#   Set larger code cache with -XX:ReservedCodeCacheSize=
#   JVM is running with Unscaled Compressed Oops mode in which the Java heap is
#     placed in the first 4GB address space. The Java Heap base address is the
#     maximum limit for the native heap growth. Please use -XX:HeapBaseMinAddress
#     to set the Java Heap base and to place the Java Heap above 4GB virtual address.
# This output file may be truncated or incomplete.
#
#  Out of Memory Error (arena.cpp:150), pid=19704, tid=15904
#
# JRE version: OpenJDK Runtime Environment (23.0+1) (build 23-valhalla+1-90)
# Java VM: OpenJDK 64-Bit Server VM (23-valhalla+1-90, mixed mode, sharing, tiered, compressed oops, compressed class ptrs, g1 gc, windows-amd64)
# No core dump will be written. Minidumps are not enabled by default on client versions of Windows
#

---------------  S U M M A R Y ------------

Command Line: -javaagent:C:\Users\DELL\AppData\Local\JetBrains\IntelliJIdea2025.2\captureAgent\debugger-agent.jar=file:///C:/Users/DELL/AppData/Local/Temp/capture16156636573568797434.props -ea -Didea.test.cyclic.buffer.size=1048576 -javaagent:C:\Program Files\JetBrains\IntelliJ IDEA 2025.2.1\lib\idea_rt.jar=56855 -Dkotlinx.coroutines.debug.enable.creation.stack.trace=false -Ddebugger.agent.enable.coroutines=true -Dkotlinx.coroutines.debug.enable.flows.stack.trace=true -Dkotlinx.coroutines.debug.enable.mutable.state.flows.stack.trace=true -Dfile.encoding=UTF-8 -Dsun.stdout.encoding=UTF-8 -Dsun.stderr.encoding=UTF-8 com.intellij.rt.testng.RemoteTestNGStarter -usedefaultlisteners false -socket56854 @w@C:\Users\DELL\AppData\Local\Temp\idea_working_dirs_testng.tmp -temp C:\Users\DELL\AppData\Local\Temp\idea_testng.tmp

Host: Intel(R) Core(TM) i7-10510U CPU @ 1.80GHz, 8 cores, 7G,  Windows 11 , 64 bit Build 26100 (10.0.26100.7019)
Time: Sat Nov 15 23:41:20 2025 Jerusalem Standard Time elapsed time: 1.448717 seconds (0d 0h 0m 1s)

---------------  T H R E A D  ---------------

Current thread (0x00000251fdef5ec0):  JavaThread "C2 CompilerThread0" daemon [_thread_in_native, id=15904, stack(0x0000006419400000,0x0000006419500000) (1024K)]


Current CompileTask:
C2:1448 1152       4       jdk.internal.org.objectweb.asm.SymbolTable::addConstantUtf8 (98 bytes)

Stack: [0x0000006419400000,0x0000006419500000]
Native frames: (J=compiled Java code, j=interpreted, Vv=VM code, C=native code)
V  [jvm.dll+0x722999]  (no source info available)
V  [jvm.dll+0x8c9823]  (no source info available)
V  [jvm.dll+0x8cbcae]  (no source info available)
V  [jvm.dll+0x8cc363]  (no source info available)
V  [jvm.dll+0x295516]  (no source info available)
V  [jvm.dll+0xc5b3f]  (no source info available)
V  [jvm.dll+0xc5d9b]  (no source info available)
V  [jvm.dll+0x30ae6f]  (no source info available)
V  [jvm.dll+0x63fa59]  (no source info available)
V  [jvm.dll+0x265e02]  (no source info available)
V  [jvm.dll+0x25d183]  (no source info available)
V  [jvm.dll+0x25a6f6]  (no source info available)
V  [jvm.dll+0x1d1160]  (no source info available)
V  [jvm.dll+0x26c47e]  (no source info available)
V  [jvm.dll+0x26a73a]  (no source info available)
V  [jvm.dll+0x425096]  (no source info available)
V  [jvm.dll+0x86dbfb]  (no source info available)
V  [jvm.dll+0x720ff5]  (no source info available)
C  [ucrtbase.dll+0x37b0]  (no source info available)
C  [KERNEL32.DLL+0x2e8d7]  (no source info available)
C  [ntdll.dll+0x8c53c]  (no source info available)


---------------  P R O C E S S  ---------------

Threads class SMR info:
_java_thread_list=0x00000251d4f006e0, length=14, elements={
0x00000251eea79f50, 0x00000251fdedc550, 0x00000251fdedd1c0, 0x00000251fdee26d0,
0x00000251fdee3140, 0x00000251fdee4bc0, 0x00000251fdee5f80, 0x00000251fdef5ec0,
0x00000251d4160090, 0x00000251d422a1a0, 0x00000251d445ec10, 0x00000251d44f9ac0,
0x00000251d44fa7e0, 0x00000251d4f041b0
}

Java Threads: ( => current thread )
  0x00000251eea79f50 JavaThread "main"                              [_thread_in_vm, id=8552, stack(0x0000006418600000,0x0000006418700000) (1024K)]
  0x00000251fdedc550 JavaThread "Reference Handler"          daemon [_thread_blocked, id=18908, stack(0x0000006418e00000,0x0000006418f00000) (1024K)]
  0x00000251fdedd1c0 JavaThread "Finalizer"                  daemon [_thread_blocked, id=21116, stack(0x0000006418f00000,0x0000006419000000) (1024K)]
  0x00000251fdee26d0 JavaThread "Signal Dispatcher"          daemon [_thread_blocked, id=18804, stack(0x0000006419000000,0x0000006419100000) (1024K)]
  0x00000251fdee3140 JavaThread "Attach Listener"            daemon [_thread_blocked, id=13216, stack(0x0000006419100000,0x0000006419200000) (1024K)]
  0x00000251fdee4bc0 JavaThread "Service Thread"             daemon [_thread_blocked, id=9600, stack(0x0000006419200000,0x0000006419300000) (1024K)]
  0x00000251fdee5f80 JavaThread "Monitor Deflation Thread"   daemon [_thread_blocked, id=20652, stack(0x0000006419300000,0x0000006419400000) (1024K)]
=>0x00000251fdef5ec0 JavaThread "C2 CompilerThread0"         daemon [_thread_in_native, id=15904, stack(0x0000006419400000,0x0000006419500000) (1024K)]
  0x00000251d4160090 JavaThread "C1 CompilerThread0"         daemon [_thread_blocked, id=4412, stack(0x0000006419500000,0x0000006419600000) (1024K)]
  0x00000251d422a1a0 JavaThread "Common-Cleaner"             daemon [_thread_blocked, id=13580, stack(0x0000006419600000,0x0000006419700000) (1024K)]
  0x00000251d445ec10 JavaThread "IntelliJ Suspend Helper"    daemon [_thread_blocked, id=17768, stack(0x0000006419700000,0x0000006419800000) (1024K)]
  0x00000251d44f9ac0 JavaThread "Monitor Ctrl-Break"         daemon [_thread_in_native, id=2252, stack(0x0000006419800000,0x0000006419900000) (1024K)]
  0x00000251d44fa7e0 JavaThread "Notification Thread"        daemon [_thread_blocked, id=8520, stack(0x0000006419900000,0x0000006419a00000) (1024K)]
  0x00000251d4f041b0 JavaThread "C2 CompilerThread1"         daemon [_thread_in_native, id=20500, stack(0x0000006419a00000,0x0000006419b00000) (1024K)]
Total: 14

Other Threads:
  0x00000251fdeb7be0 VMThread "VM Thread"                           [id=2092, stack(0x0000006418d00000,0x0000006418e00000) (1024K)]
  0x00000251fde96ec0 WatcherThread "VM Periodic Task Thread"        [id=13944, stack(0x0000006418c00000,0x0000006418d00000) (1024K)]
  0x00000251eead0dd0 WorkerThread "GC Thread#0"                     [id=15916, stack(0x0000006418700000,0x0000006418800000) (1024K)]
  0x00000251d5271260 WorkerThread "GC Thread#1"                     [id=21164, stack(0x0000006419b00000,0x0000006419c00000) (1024K)]
  0x00000251d5284ce0 WorkerThread "GC Thread#2"                     [id=5996, stack(0x0000006419c00000,0x0000006419d00000) (1024K)]
  0x00000251d52be3f0 WorkerThread "GC Thread#3"                     [id=20580, stack(0x0000006419d00000,0x0000006419e00000) (1024K)]
  0x00000251d52befb0 WorkerThread "GC Thread#4"                     [id=19784, stack(0x0000006419e00000,0x0000006419f00000) (1024K)]
  0x00000251d52bf360 WorkerThread "GC Thread#5"                     [id=6728, stack(0x0000006419f00000,0x000000641a000000) (1024K)]
  0x00000251d52bff20 WorkerThread "GC Thread#6"                     [id=20116, stack(0x000000641a000000,0x000000641a100000) (1024K)]
  0x00000251eeae24b0 ConcurrentGCThread "G1 Main Marker"            [id=2924, stack(0x0000006418800000,0x0000006418900000) (1024K)]
  0x00000251eeae3670 WorkerThread "G1 Conc#0"                       [id=9352, stack(0x0000006418900000,0x0000006418a00000) (1024K)]
  0x00000251fdd63180 ConcurrentGCThread "G1 Refine#0"               [id=19760, stack(0x0000006418a00000,0x0000006418b00000) (1024K)]
  0x00000251fdd646d0 ConcurrentGCThread "G1 Service"                [id=13412, stack(0x0000006418b00000,0x0000006418c00000) (1024K)]
Total: 13

Threads with active compile tasks:
C2 CompilerThread0  1747 1152       4       jdk.internal.org.objectweb.asm.SymbolTable::addConstantUtf8 (98 bytes)
C2 CompilerThread1  1747 1243       4       jdk.internal.org.objectweb.asm.Frame::execute (2305 bytes)
Total: 2

VM state: not at safepoint (normal execution)

VM Mutex/Monitor currently owned by a thread:  ([mutex/lock_event])
[0x00007ffdee707d28] Metaspace_lock - owner thread: 0x00000251eea79f50

Heap address: 0x0000000083a00000, size: 1990 MB, Compressed Oops mode: 32-bit

CDS archive(s) mapped at: [0x000002518f000000-0x000002518fcf0000-0x000002518fcf0000), size 13565952, SharedBaseAddress: 0x000002518f000000, ArchiveRelocationMode: 1.
Compressed class space mapped at: 0x0000025190000000-0x00000251d0000000, reserved size: 1073741824
Narrow klass base: 0x000002518f000000, Narrow klass shift: 0, Narrow klass range: 0x41000000

GC Precious Log:
 CardTable entry size: 512
 Card Set container configuration: InlinePtr #cards 5 size 8 Array Of Cards #cards 10 size 36 Howl #buckets 4 coarsen threshold 1843 Howl Bitmap #cards 512 size 80 coarsen threshold 460 Card regions per heap region 1 cards per card region 2048
 CPUs: 8 total, 8 available
 Memory: 7952M
 Large Page Support: Disabled
 NUMA Support: Disabled
 Compressed Oops: Enabled (32-bit)
 Heap Region Size: 1M
 Heap Min Capacity: 8M
 Heap Initial Capacity: 126M
 Heap Max Capacity: 1990M
 Pre-touch: Disabled
 Parallel Workers: 8
 Concurrent Workers: 2
 Concurrent Refinement Workers: 8
 Periodic GC: Disabled

Heap:
 garbage-first heap   total reserved 2037760K, committed 129024K, used 6762K [0x0000000083a00000, 0x0000000100000000)
  region size 1024K, 4 young (4096K), 3 survivors (3072K)
 Metaspace       used 9575K, committed 9792K, reserved 1114112K
  class space    used 1036K, committed 1152K, reserved 1048576K

Heap Regions: E=young(eden), S=young(survivor), O=old, HS=humongous(starts), HC=humongous(continues), CS=collection set, F=free, TAMS=top-at-mark-start, PB=parsable bottom
|   0|0x0000000083a00000, 0x0000000083b00000, 0x0000000083b00000|100%|HS|  |TAMS 0x0000000083a00000| PB 0x0000000083a00000| Complete |  0
|   1|0x0000000083b00000, 0x0000000083c00000, 0x0000000083c00000|100%| O|  |TAMS 0x0000000083b00000| PB 0x0000000083b00000| Untracked |  0
|   2|0x0000000083c00000, 0x0000000083d00000, 0x0000000083d00000|100%| O|  |TAMS 0x0000000083c00000| PB 0x0000000083c00000| Untracked |  0
|   3|0x0000000083d00000, 0x0000000083d9aa10, 0x0000000083e00000| 60%| O|  |TAMS 0x0000000083d00000| PB 0x0000000083d00000| Untracked |  0
|   4|0x0000000083e00000, 0x0000000083e00000, 0x0000000083f00000|  0%| F|  |TAMS 0x0000000083e00000| PB 0x0000000083e00000| Untracked |  0
|   5|0x0000000083f00000, 0x0000000083f00000, 0x0000000084000000|  0%| F|  |TAMS 0x0000000083f00000| PB 0x0000000083f00000| Untracked |  0
|   6|0x0000000084000000, 0x0000000084000000, 0x0000000084100000|  0%| F|  |TAMS 0x0000000084000000| PB 0x0000000084000000| Untracked |  0
|   7|0x0000000084100000, 0x0000000084100000, 0x0000000084200000|  0%| F|  |TAMS 0x0000000084100000| PB 0x0000000084100000| Untracked |  0
|   8|0x0000000084200000, 0x0000000084200000, 0x0000000084300000|  0%| F|  |TAMS 0x0000000084200000| PB 0x0000000084200000| Untracked |  0
|   9|0x0000000084300000, 0x0000000084300000, 0x0000000084400000|  0%| F|  |TAMS 0x0000000084300000| PB 0x0000000084300000| Untracked |  0
|  10|0x0000000084400000, 0x0000000084400000, 0x0000000084500000|  0%| F|  |TAMS 0x0000000084400000| PB 0x0000000084400000| Untracked |  0
|  11|0x0000000084500000, 0x0000000084500000, 0x0000000084600000|  0%| F|  |TAMS 0x0000000084500000| PB 0x0000000084500000| Untracked |  0
|  12|0x0000000084600000, 0x0000000084600000, 0x0000000084700000|  0%| F|  |TAMS 0x0000000084600000| PB 0x0000000084600000| Untracked |  0
|  13|0x0000000084700000, 0x0000000084700000, 0x0000000084800000|  0%| F|  |TAMS 0x0000000084700000| PB 0x0000000084700000| Untracked |  0
|  14|0x0000000084800000, 0x0000000084800000, 0x0000000084900000|  0%| F|  |TAMS 0x0000000084800000| PB 0x0000000084800000| Untracked |  0
|  15|0x0000000084900000, 0x0000000084900000, 0x0000000084a00000|  0%| F|  |TAMS 0x0000000084900000| PB 0x0000000084900000| Untracked |  0
|  16|0x0000000084a00000, 0x0000000084a00000, 0x0000000084b00000|  0%| F|  |TAMS 0x0000000084a00000| PB 0x0000000084a00000| Untracked |  0
|  17|0x0000000084b00000, 0x0000000084b00000, 0x0000000084c00000|  0%| F|  |TAMS 0x0000000084b00000| PB 0x0000000084b00000| Untracked |  0
|  18|0x0000000084c00000, 0x0000000084c00000, 0x0000000084d00000|  0%| F|  |TAMS 0x0000000084c00000| PB 0x0000000084c00000| Untracked |  0
|  19|0x0000000084d00000, 0x0000000084d00000, 0x0000000084e00000|  0%| F|  |TAMS 0x0000000084d00000| PB 0x0000000084d00000| Untracked |  0
|  20|0x0000000084e00000, 0x0000000084e00000, 0x0000000084f00000|  0%| F|  |TAMS 0x0000000084e00000| PB 0x0000000084e00000| Untracked |  0
|  21|0x0000000084f00000, 0x0000000084f00000, 0x0000000085000000|  0%| F|  |TAMS 0x0000000084f00000| PB 0x0000000084f00000| Untracked |  0
|  22|0x0000000085000000, 0x0000000085000000, 0x0000000085100000|  0%| F|  |TAMS 0x0000000085000000| PB 0x0000000085000000| Untracked |  0
|  23|0x0000000085100000, 0x0000000085100000, 0x0000000085200000|  0%| F|  |TAMS 0x0000000085100000| PB 0x0000000085100000| Untracked |  0
|  24|0x0000000085200000, 0x0000000085200000, 0x0000000085300000|  0%| F|  |TAMS 0x0000000085200000| PB 0x0000000085200000| Untracked |  0
|  25|0x0000000085300000, 0x0000000085300000, 0x0000000085400000|  0%| F|  |TAMS 0x0000000085300000| PB 0x0000000085300000| Untracked |  0
|  26|0x0000000085400000, 0x0000000085400000, 0x0000000085500000|  0%| F|  |TAMS 0x0000000085400000| PB 0x0000000085400000| Untracked |  0
|  27|0x0000000085500000, 0x0000000085500000, 0x0000000085600000|  0%| F|  |TAMS 0x0000000085500000| PB 0x0000000085500000| Untracked |  0
|  28|0x0000000085600000, 0x0000000085600000, 0x0000000085700000|  0%| F|  |TAMS 0x0000000085600000| PB 0x0000000085600000| Untracked |  0
|  29|0x0000000085700000, 0x0000000085700000, 0x0000000085800000|  0%| F|  |TAMS 0x0000000085700000| PB 0x0000000085700000| Untracked |  0
|  30|0x0000000085800000, 0x0000000085800000, 0x0000000085900000|  0%| F|  |TAMS 0x0000000085800000| PB 0x0000000085800000| Untracked |  0
|  31|0x0000000085900000, 0x0000000085900000, 0x0000000085a00000|  0%| F|  |TAMS 0x0000000085900000| PB 0x0000000085900000| Untracked |  0
|  32|0x0000000085a00000, 0x0000000085a00000, 0x0000000085b00000|  0%| F|  |TAMS 0x0000000085a00000| PB 0x0000000085a00000| Untracked |  0
|  33|0x0000000085b00000, 0x0000000085b00000, 0x0000000085c00000|  0%| F|  |TAMS 0x0000000085b00000| PB 0x0000000085b00000| Untracked |  0
|  34|0x0000000085c00000, 0x0000000085c00000, 0x0000000085d00000|  0%| F|  |TAMS 0x0000000085c00000| PB 0x0000000085c00000| Untracked |  0
|  35|0x0000000085d00000, 0x0000000085d00000, 0x0000000085e00000|  0%| F|  |TAMS 0x0000000085d00000| PB 0x0000000085d00000| Untracked |  0
|  36|0x0000000085e00000, 0x0000000085e00000, 0x0000000085f00000|  0%| F|  |TAMS 0x0000000085e00000| PB 0x0000000085e00000| Untracked |  0
|  37|0x0000000085f00000, 0x0000000085f00000, 0x0000000086000000|  0%| F|  |TAMS 0x0000000085f00000| PB 0x0000000085f00000| Untracked |  0
|  38|0x0000000086000000, 0x0000000086000000, 0x0000000086100000|  0%| F|  |TAMS 0x0000000086000000| PB 0x0000000086000000| Untracked |  0
|  39|0x0000000086100000, 0x0000000086100000, 0x0000000086200000|  0%| F|  |TAMS 0x0000000086100000| PB 0x0000000086100000| Untracked |  0
|  40|0x0000000086200000, 0x0000000086200000, 0x0000000086300000|  0%| F|  |TAMS 0x0000000086200000| PB 0x0000000086200000| Untracked |  0
|  41|0x0000000086300000, 0x0000000086300000, 0x0000000086400000|  0%| F|  |TAMS 0x0000000086300000| PB 0x0000000086300000| Untracked |  0
|  42|0x0000000086400000, 0x0000000086400000, 0x0000000086500000|  0%| F|  |TAMS 0x0000000086400000| PB 0x0000000086400000| Untracked |  0
|  43|0x0000000086500000, 0x0000000086500000, 0x0000000086600000|  0%| F|  |TAMS 0x0000000086500000| PB 0x0000000086500000| Untracked |  0
|  44|0x0000000086600000, 0x0000000086600000, 0x0000000086700000|  0%| F|  |TAMS 0x0000000086600000| PB 0x0000000086600000| Untracked |  0
|  45|0x0000000086700000, 0x0000000086700000, 0x0000000086800000|  0%| F|  |TAMS 0x0000000086700000| PB 0x0000000086700000| Untracked |  0
|  46|0x0000000086800000, 0x0000000086800000, 0x0000000086900000|  0%| F|  |TAMS 0x0000000086800000| PB 0x0000000086800000| Untracked |  0
|  47|0x0000000086900000, 0x0000000086900000, 0x0000000086a00000|  0%| F|  |TAMS 0x0000000086900000| PB 0x0000000086900000| Untracked |  0
|  48|0x0000000086a00000, 0x0000000086a00000, 0x0000000086b00000|  0%| F|  |TAMS 0x0000000086a00000| PB 0x0000000086a00000| Untracked |  0
|  49|0x0000000086b00000, 0x0000000086b00000, 0x0000000086c00000|  0%| F|  |TAMS 0x0000000086b00000| PB 0x0000000086b00000| Untracked |  0
|  50|0x0000000086c00000, 0x0000000086c00000, 0x0000000086d00000|  0%| F|  |TAMS 0x0000000086c00000| PB 0x0000000086c00000| Untracked |  0
|  51|0x0000000086d00000, 0x0000000086d00000, 0x0000000086e00000|  0%| F|  |TAMS 0x0000000086d00000| PB 0x0000000086d00000| Untracked |  0
|  52|0x0000000086e00000, 0x0000000086e00000, 0x0000000086f00000|  0%| F|  |TAMS 0x0000000086e00000| PB 0x0000000086e00000| Untracked |  0
|  53|0x0000000086f00000, 0x0000000086f00000, 0x0000000087000000|  0%| F|  |TAMS 0x0000000086f00000| PB 0x0000000086f00000| Untracked |  0
|  54|0x0000000087000000, 0x0000000087000000, 0x0000000087100000|  0%| F|  |TAMS 0x0000000087000000| PB 0x0000000087000000| Untracked |  0
|  55|0x0000000087100000, 0x0000000087100000, 0x0000000087200000|  0%| F|  |TAMS 0x0000000087100000| PB 0x0000000087100000| Untracked |  0
|  56|0x0000000087200000, 0x0000000087200000, 0x0000000087300000|  0%| F|  |TAMS 0x0000000087200000| PB 0x0000000087200000| Untracked |  0
|  57|0x0000000087300000, 0x0000000087300000, 0x0000000087400000|  0%| F|  |TAMS 0x0000000087300000| PB 0x0000000087300000| Untracked |  0
|  58|0x0000000087400000, 0x0000000087400000, 0x0000000087500000|  0%| F|  |TAMS 0x0000000087400000| PB 0x0000000087400000| Untracked |  0
|  59|0x0000000087500000, 0x0000000087500000, 0x0000000087600000|  0%| F|  |TAMS 0x0000000087500000| PB 0x0000000087500000| Untracked |  0
|  60|0x0000000087600000, 0x0000000087600000, 0x0000000087700000|  0%| F|  |TAMS 0x0000000087600000| PB 0x0000000087600000| Untracked |  0
|  61|0x0000000087700000, 0x0000000087700000, 0x0000000087800000|  0%| F|  |TAMS 0x0000000087700000| PB 0x0000000087700000| Untracked |  0
|  62|0x0000000087800000, 0x0000000087800000, 0x0000000087900000|  0%| F|  |TAMS 0x0000000087800000| PB 0x0000000087800000| Untracked |  0
|  63|0x0000000087900000, 0x0000000087900000, 0x0000000087a00000|  0%| F|  |TAMS 0x0000000087900000| PB 0x0000000087900000| Untracked |  0
|  64|0x0000000087a00000, 0x0000000087a00000, 0x0000000087b00000|  0%| F|  |TAMS 0x0000000087a00000| PB 0x0000000087a00000| Untracked |  0
|  65|0x0000000087b00000, 0x0000000087b00000, 0x0000000087c00000|  0%| F|  |TAMS 0x0000000087b00000| PB 0x0000000087b00000| Untracked |  0
|  66|0x0000000087c00000, 0x0000000087c00000, 0x0000000087d00000|  0%| F|  |TAMS 0x0000000087c00000| PB 0x0000000087c00000| Untracked |  0
|  67|0x0000000087d00000, 0x0000000087d00000, 0x0000000087e00000|  0%| F|  |TAMS 0x0000000087d00000| PB 0x0000000087d00000| Untracked |  0
|  68|0x0000000087e00000, 0x0000000087e00000, 0x0000000087f00000|  0%| F|  |TAMS 0x0000000087e00000| PB 0x0000000087e00000| Untracked |  0
|  69|0x0000000087f00000, 0x0000000087f00000, 0x0000000088000000|  0%| F|  |TAMS 0x0000000087f00000| PB 0x0000000087f00000| Untracked |  0
|  70|0x0000000088000000, 0x0000000088000000, 0x0000000088100000|  0%| F|  |TAMS 0x0000000088000000| PB 0x0000000088000000| Untracked |  0
|  71|0x0000000088100000, 0x0000000088100000, 0x0000000088200000|  0%| F|  |TAMS 0x0000000088100000| PB 0x0000000088100000| Untracked |  0
|  72|0x0000000088200000, 0x0000000088200000, 0x0000000088300000|  0%| F|  |TAMS 0x0000000088200000| PB 0x0000000088200000| Untracked |  0
|  73|0x0000000088300000, 0x0000000088300000, 0x0000000088400000|  0%| F|  |TAMS 0x0000000088300000| PB 0x0000000088300000| Untracked |  0
|  74|0x0000000088400000, 0x0000000088400000, 0x0000000088500000|  0%| F|  |TAMS 0x0000000088400000| PB 0x0000000088400000| Untracked |  0
|  75|0x0000000088500000, 0x0000000088500000, 0x0000000088600000|  0%| F|  |TAMS 0x0000000088500000| PB 0x0000000088500000| Untracked |  0
|  76|0x0000000088600000, 0x0000000088600000, 0x0000000088700000|  0%| F|  |TAMS 0x0000000088600000| PB 0x0000000088600000| Untracked |  0
|  77|0x0000000088700000, 0x0000000088700000, 0x0000000088800000|  0%| F|  |TAMS 0x0000000088700000| PB 0x0000000088700000| Untracked |  0
|  78|0x0000000088800000, 0x0000000088800000, 0x0000000088900000|  0%| F|  |TAMS 0x0000000088800000| PB 0x0000000088800000| Untracked |  0
|  79|0x0000000088900000, 0x0000000088900000, 0x0000000088a00000|  0%| F|  |TAMS 0x0000000088900000| PB 0x0000000088900000| Untracked |  0
|  80|0x0000000088a00000, 0x0000000088a00000, 0x0000000088b00000|  0%| F|  |TAMS 0x0000000088a00000| PB 0x0000000088a00000| Untracked |  0
|  81|0x0000000088b00000, 0x0000000088b00000, 0x0000000088c00000|  0%| F|  |TAMS 0x0000000088b00000| PB 0x0000000088b00000| Untracked |  0
|  82|0x0000000088c00000, 0x0000000088c00000, 0x0000000088d00000|  0%| F|  |TAMS 0x0000000088c00000| PB 0x0000000088c00000| Untracked |  0
|  83|0x0000000088d00000, 0x0000000088d00000, 0x0000000088e00000|  0%| F|  |TAMS 0x0000000088d00000| PB 0x0000000088d00000| Untracked |  0
|  84|0x0000000088e00000, 0x0000000088e00000, 0x0000000088f00000|  0%| F|  |TAMS 0x0000000088e00000| PB 0x0000000088e00000| Untracked |  0
|  85|0x0000000088f00000, 0x0000000088f00000, 0x0000000089000000|  0%| F|  |TAMS 0x0000000088f00000| PB 0x0000000088f00000| Untracked |  0
|  86|0x0000000089000000, 0x0000000089000000, 0x0000000089100000|  0%| F|  |TAMS 0x0000000089000000| PB 0x0000000089000000| Untracked |  0
|  87|0x0000000089100000, 0x0000000089100000, 0x0000000089200000|  0%| F|  |TAMS 0x0000000089100000| PB 0x0000000089100000| Untracked |  0
|  88|0x0000000089200000, 0x0000000089200000, 0x0000000089300000|  0%| F|  |TAMS 0x0000000089200000| PB 0x0000000089200000| Untracked |  0
|  89|0x0000000089300000, 0x0000000089300000, 0x0000000089400000|  0%| F|  |TAMS 0x0000000089300000| PB 0x0000000089300000| Untracked |  0
|  90|0x0000000089400000, 0x0000000089400000, 0x0000000089500000|  0%| F|  |TAMS 0x0000000089400000| PB 0x0000000089400000| Untracked |  0
|  91|0x0000000089500000, 0x0000000089500000, 0x0000000089600000|  0%| F|  |TAMS 0x0000000089500000| PB 0x0000000089500000| Untracked |  0
|  92|0x0000000089600000, 0x0000000089600000, 0x0000000089700000|  0%| F|  |TAMS 0x0000000089600000| PB 0x0000000089600000| Untracked |  0
|  93|0x0000000089700000, 0x0000000089700000, 0x0000000089800000|  0%| F|  |TAMS 0x0000000089700000| PB 0x0000000089700000| Untracked |  0
|  94|0x0000000089800000, 0x0000000089800000, 0x0000000089900000|  0%| F|  |TAMS 0x0000000089800000| PB 0x0000000089800000| Untracked |  0
|  95|0x0000000089900000, 0x0000000089900000, 0x0000000089a00000|  0%| F|  |TAMS 0x0000000089900000| PB 0x0000000089900000| Untracked |  0
|  96|0x0000000089a00000, 0x0000000089a00000, 0x0000000089b00000|  0%| F|  |TAMS 0x0000000089a00000| PB 0x0000000089a00000| Untracked |  0
|  97|0x0000000089b00000, 0x0000000089b00000, 0x0000000089c00000|  0%| F|  |TAMS 0x0000000089b00000| PB 0x0000000089b00000| Untracked |  0
|  98|0x0000000089c00000, 0x0000000089c00000, 0x0000000089d00000|  0%| F|  |TAMS 0x0000000089c00000| PB 0x0000000089c00000| Untracked |  0
|  99|0x0000000089d00000, 0x0000000089e00000, 0x0000000089e00000|100%| S|CS|TAMS 0x0000000089d00000| PB 0x0000000089d00000| Complete |  0
| 100|0x0000000089e00000, 0x0000000089f00000, 0x0000000089f00000|100%| S|CS|TAMS 0x0000000089e00000| PB 0x0000000089e00000| Complete |  0
| 101|0x0000000089f00000, 0x000000008a000000, 0x000000008a000000|100%| S|CS|TAMS 0x0000000089f00000| PB 0x0000000089f00000| Complete |  0
| 102|0x000000008a000000, 0x000000008a000000, 0x000000008a100000|  0%| F|  |TAMS 0x000000008a000000| PB 0x000000008a000000| Untracked |  0
| 103|0x000000008a100000, 0x000000008a100000, 0x000000008a200000|  0%| F|  |TAMS 0x000000008a100000| PB 0x000000008a100000| Untracked |  0
| 104|0x000000008a200000, 0x000000008a200000, 0x000000008a300000|  0%| F|  |TAMS 0x000000008a200000| PB 0x000000008a200000| Untracked |  0
| 105|0x000000008a300000, 0x000000008a300000, 0x000000008a400000|  0%| F|  |TAMS 0x000000008a300000| PB 0x000000008a300000| Untracked |  0
| 106|0x000000008a400000, 0x000000008a400000, 0x000000008a500000|  0%| F|  |TAMS 0x000000008a400000| PB 0x000000008a400000| Untracked |  0
| 107|0x000000008a500000, 0x000000008a500000, 0x000000008a600000|  0%| F|  |TAMS 0x000000008a500000| PB 0x000000008a500000| Untracked |  0
| 108|0x000000008a600000, 0x000000008a600000, 0x000000008a700000|  0%| F|  |TAMS 0x000000008a600000| PB 0x000000008a600000| Untracked |  0
| 109|0x000000008a700000, 0x000000008a700000, 0x000000008a800000|  0%| F|  |TAMS 0x000000008a700000| PB 0x000000008a700000| Untracked |  0
| 110|0x000000008a800000, 0x000000008a800000, 0x000000008a900000|  0%| F|  |TAMS 0x000000008a800000| PB 0x000000008a800000| Untracked |  0
| 111|0x000000008a900000, 0x000000008a900000, 0x000000008aa00000|  0%| F|  |TAMS 0x000000008a900000| PB 0x000000008a900000| Untracked |  0
| 112|0x000000008aa00000, 0x000000008aa00000, 0x000000008ab00000|  0%| F|  |TAMS 0x000000008aa00000| PB 0x000000008aa00000| Untracked |  0
| 113|0x000000008ab00000, 0x000000008ab00000, 0x000000008ac00000|  0%| F|  |TAMS 0x000000008ab00000| PB 0x000000008ab00000| Untracked |  0
| 114|0x000000008ac00000, 0x000000008ac00000, 0x000000008ad00000|  0%| F|  |TAMS 0x000000008ac00000| PB 0x000000008ac00000| Untracked |  0
| 115|0x000000008ad00000, 0x000000008ad00000, 0x000000008ae00000|  0%| F|  |TAMS 0x000000008ad00000| PB 0x000000008ad00000| Untracked |  0
| 116|0x000000008ae00000, 0x000000008ae00000, 0x000000008af00000|  0%| F|  |TAMS 0x000000008ae00000| PB 0x000000008ae00000| Untracked |  0
| 117|0x000000008af00000, 0x000000008af00000, 0x000000008b000000|  0%| F|  |TAMS 0x000000008af00000| PB 0x000000008af00000| Untracked |  0
| 118|0x000000008b000000, 0x000000008b000000, 0x000000008b100000|  0%| F|  |TAMS 0x000000008b000000| PB 0x000000008b000000| Untracked |  0
| 119|0x000000008b100000, 0x000000008b100000, 0x000000008b200000|  0%| F|  |TAMS 0x000000008b100000| PB 0x000000008b100000| Untracked |  0
| 120|0x000000008b200000, 0x000000008b200000, 0x000000008b300000|  0%| F|  |TAMS 0x000000008b200000| PB 0x000000008b200000| Untracked |  0
| 121|0x000000008b300000, 0x000000008b300000, 0x000000008b400000|  0%| F|  |TAMS 0x000000008b300000| PB 0x000000008b300000| Untracked |  0
| 122|0x000000008b400000, 0x000000008b400000, 0x000000008b500000|  0%| F|  |TAMS 0x000000008b400000| PB 0x000000008b400000| Untracked |  0
| 123|0x000000008b500000, 0x000000008b500000, 0x000000008b600000|  0%| F|  |TAMS 0x000000008b500000| PB 0x000000008b500000| Untracked |  0
| 124|0x000000008b600000, 0x000000008b600000, 0x000000008b700000|  0%| F|  |TAMS 0x000000008b600000| PB 0x000000008b600000| Untracked |  0
| 125|0x000000008b700000, 0x000000008b7e6aa0, 0x000000008b800000| 90%| E|  |TAMS 0x000000008b700000| PB 0x000000008b700000| Complete |  0

Card table byte_map: [0x00000251f90f0000,0x00000251f94e0000] _byte_map_base: 0x00000251f8cd3000

Marking Bits: (CMBitMap*) 0x00000251eead13f0
 Bits: [0x00000251f94e0000, 0x00000251fb3f8000)

Polling page: 0x00000251eeb30000

Metaspace:

Usage:
  Non-class:      8.34 MB used.
      Class:      1.01 MB used.
       Both:      9.35 MB used.

Virtual space:
  Non-class space:       64.00 MB reserved,       8.44 MB ( 13%) committed,  1 nodes.
      Class space:        1.00 GB reserved,       1.12 MB ( <1%) committed,  1 nodes.
             Both:        1.06 GB reserved,       9.56 MB ( <1%) committed. 

Chunk freelists:
   Non-Class:  6.80 MB
       Class:  14.90 MB
        Both:  21.70 MB

MaxMetaspaceSize: unlimited
CompressedClassSpaceSize: 1.00 GB
Initial GC threshold: 21.00 MB
Current GC threshold: 21.00 MB
CDS: on
 - commit_granule_bytes: 65536.
 - commit_granule_words: 8192.
 - virtual_space_node_default_size: 8388608.
 - enlarge_chunks_in_place: 1.
 - use_allocation_guard: 0.


Internal statistics:

num_allocs_failed_limit: 0.
num_arena_births: 236.
num_arena_deaths: 0.
num_vsnodes_births: 2.
num_vsnodes_deaths: 0.
num_space_committed: 153.
num_space_uncommitted: 0.
num_chunks_returned_to_freelist: 0.
num_chunks_taken_from_freelist: 410.
num_chunk_merges: 0.
num_chunk_splits: 228.
num_chunks_enlarged: 95.
num_inconsistent_stats: 0.

CodeHeap 'non-profiled nmethods': size=120000Kb used=466Kb max_used=466Kb free=119533Kb
 bounds [0x0000025187ad0000, 0x0000025187d40000, 0x000002518f000000]
CodeHeap 'profiled nmethods': size=120000Kb used=2436Kb max_used=2436Kb free=117563Kb
 bounds [0x0000025180000000, 0x0000025180270000, 0x0000025187530000]
CodeHeap 'non-nmethods': size=5760Kb used=1427Kb max_used=1427Kb free=4332Kb
 bounds [0x0000025187530000, 0x00000251877a0000, 0x0000025187ad0000]
 total_blobs=1859 nmethods=1353 adapters=400
 compilation: enabled
              stopped_count=0, restarted_count=0
 full_count=0

Compilation events (20 events):
Event: 1.437 Thread 0x00000251d4160090 1150       3       jdk.internal.org.objectweb.asm.Type::getArgumentTypes (94 bytes)
Event: 1.439 Thread 0x00000251d4160090 nmethod 1150 0x00000251801f4890 code [0x00000251801f4bc0, 0x00000251801f5ff8]
Event: 1.439 Thread 0x00000251d4160090 1151       3       jdk.internal.org.objectweb.asm.MethodWriter::visitTryCatchBlock (67 bytes)
Event: 1.440 Thread 0x00000251d4f041b0 1155       4       java.util.HashMap$EntryIterator::next (5 bytes)
Event: 1.440 Thread 0x00000251d4160090 nmethod 1151 0x00000251801f6810 code [0x00000251801f6a20, 0x00000251801f7098]
Event: 1.440 Thread 0x00000251d4160090 1154       3       jdk.internal.reflect.ConstantPool::getUTF8At (10 bytes)
Event: 1.440 Thread 0x00000251d4160090 nmethod 1154 0x00000251801f7310 code [0x00000251801f74e0, 0x00000251801f7628]
Event: 1.440 Thread 0x00000251d4160090 1153       3       java.util.HashMap::<init> (98 bytes)
Event: 1.441 Thread 0x00000251d4160090 nmethod 1153 0x00000251801f7710 code [0x00000251801f7a40, 0x00000251801f8990]
Event: 1.442 Thread 0x00000251d4160090 1156       3       java.lang.Class::reflectionData (43 bytes)
Event: 1.443 Thread 0x00000251d4160090 nmethod 1156 0x00000251801f8f90 code [0x00000251801f9180, 0x00000251801f9550]
Event: 1.443 Thread 0x00000251d4160090 1157       3       java.lang.PublicMethods$MethodList::<init> (10 bytes)
Event: 1.443 Thread 0x00000251d4160090 nmethod 1157 0x00000251801f9690 code [0x00000251801f9840, 0x00000251801f99f8]
Event: 1.443 Thread 0x00000251d4160090 1158       3       java.lang.reflect.Method::<init> (68 bytes)
Event: 1.444 Thread 0x00000251d4160090 nmethod 1158 0x00000251801f9a90 code [0x00000251801f9c80, 0x00000251801fa218]
Event: 1.444 Thread 0x00000251d4160090 1159       3       java.lang.invoke.LambdaFormEditor$Transform::equals (32 bytes)
Event: 1.444 Thread 0x00000251d4160090 nmethod 1159 0x00000251801fa390 code [0x00000251801fa560, 0x00000251801fa720]
Event: 1.444 Thread 0x00000251d4160090 1160       3       java.nio.Buffer::position (52 bytes)
Event: 1.445 Thread 0x00000251d4160090 nmethod 1160 0x00000251801fa810 code [0x00000251801fa9e0, 0x00000251801fac28]
Event: 1.445 Thread 0x00000251d4160090 1163       3       jdk.internal.org.objectweb.asm.MethodWriter::computeAllFrames (510 bytes)

GC Heap History (0 events):
No events

Dll operation events (9 events):
Event: 0.019 Loaded shared library C:\Users\DELL\.jdks\valhalla-ea-23-valhalla+1-90-1\bin\java.dll
Event: 0.021 Loaded shared library C:\Users\DELL\.jdks\valhalla-ea-23-valhalla+1-90-1\bin\zip.dll
Event: 0.071 Loaded shared library C:\Users\DELL\.jdks\valhalla-ea-23-valhalla+1-90-1\bin\jsvml.dll
Event: 0.242 Loaded shared library C:\Users\DELL\.jdks\valhalla-ea-23-valhalla+1-90-1\bin\instrument.dll
Event: 0.336 Loaded shared library C:\Users\DELL\.jdks\valhalla-ea-23-valhalla+1-90-1\bin\net.dll
Event: 0.340 Loaded shared library C:\Users\DELL\.jdks\valhalla-ea-23-valhalla+1-90-1\bin\nio.dll
Event: 0.363 Loaded shared library C:\Users\DELL\.jdks\valhalla-ea-23-valhalla+1-90-1\bin\zip.dll
Event: 0.407 Loaded shared library C:\Users\DELL\.jdks\valhalla-ea-23-valhalla+1-90-1\bin\extnet.dll
Event: 0.645 Loaded shared library C:\Users\DELL\.jdks\valhalla-ea-23-valhalla+1-90-1\bin\jimage.dll

Deoptimization events (20 events):
Event: 1.128 Thread 0x00000251eea79f50 Uncommon trap: trap_request=0xffffff45 fr.pc=0x0000025187b12fec relative=0x000000000000020c
Event: 1.128 Thread 0x00000251eea79f50 Uncommon trap: reason=unstable_if action=reinterpret pc=0x0000025187b12fec method=java.lang.String.startsWith(Ljava/lang/String;I)Z @ 1 c2
Event: 1.128 Thread 0x00000251eea79f50 DEOPT PACKING pc=0x0000025187b12fec sp=0x00000064186fce20
Event: 1.128 Thread 0x00000251eea79f50 DEOPT UNPACKING pc=0x000002518758fc22 sp=0x00000064186fcdb0 mode 2
Event: 1.252 Thread 0x00000251eea79f50 DEOPT PACKING pc=0x00000251800a2b11 sp=0x00000064186fe770
Event: 1.252 Thread 0x00000251eea79f50 DEOPT UNPACKING pc=0x00000251875903c2 sp=0x00000064186fdbe0 mode 0
Event: 1.263 Thread 0x00000251eea79f50 DEOPT PACKING pc=0x0000025180140f2d sp=0x00000064186fe5c0
Event: 1.263 Thread 0x00000251eea79f50 DEOPT UNPACKING pc=0x00000251875903c2 sp=0x00000064186fda10 mode 0
Event: 1.312 Thread 0x00000251eea79f50 DEOPT PACKING pc=0x0000025180140f2d sp=0x00000064186fa5d0
Event: 1.312 Thread 0x00000251eea79f50 DEOPT UNPACKING pc=0x00000251875903c2 sp=0x00000064186f9a20 mode 0
Event: 1.375 Thread 0x00000251eea79f50 DEOPT PACKING pc=0x0000025180140f2d sp=0x00000064186fa5a0
Event: 1.375 Thread 0x00000251eea79f50 DEOPT UNPACKING pc=0x00000251875903c2 sp=0x00000064186f99f0 mode 0
Event: 1.415 Thread 0x00000251eea79f50 Uncommon trap: trap_request=0xffffffde fr.pc=0x0000025187b0e9c0 relative=0x0000000000000340
Event: 1.415 Thread 0x00000251eea79f50 Uncommon trap: reason=class_check action=maybe_recompile pc=0x0000025187b0e9c0 method=java.util.HashMap.getNode(Ljava/lang/Object;)Ljava/util/HashMap$Node; @ 128 c2
Event: 1.415 Thread 0x00000251eea79f50 DEOPT PACKING pc=0x0000025187b0e9c0 sp=0x00000064186fe9a0
Event: 1.415 Thread 0x00000251eea79f50 DEOPT UNPACKING pc=0x000002518758fc22 sp=0x00000064186fe908 mode 2
Event: 1.415 Thread 0x00000251eea79f50 Uncommon trap: trap_request=0xffffff45 fr.pc=0x0000025187b0e824 relative=0x00000000000001a4
Event: 1.415 Thread 0x00000251eea79f50 Uncommon trap: reason=unstable_if action=reinterpret pc=0x0000025187b0e824 method=java.util.HashMap.getNode(Ljava/lang/Object;)Ljava/util/HashMap$Node; @ 66 c2
Event: 1.415 Thread 0x00000251eea79f50 DEOPT PACKING pc=0x0000025187b0e824 sp=0x00000064186fe9a0
Event: 1.415 Thread 0x00000251eea79f50 DEOPT UNPACKING pc=0x000002518758fc22 sp=0x00000064186fe910 mode 2

Classes loaded (20 events):
Event: 1.413 Loading class java/util/stream/Nodes$SpinedNodeBuilder
Event: 1.414 Loading class java/util/stream/SpinedBuffer
Event: 1.414 Loading class java/util/stream/AbstractSpinedBuffer
Event: 1.414 Loading class java/util/stream/AbstractSpinedBuffer done
Event: 1.414 Loading class java/util/stream/SpinedBuffer done
Event: 1.415 Loading class java/util/stream/Nodes$SpinedNodeBuilder done
Event: 1.415 Loading class org/testng/internal/annotations/AnnotationHelper
Event: 1.415 Loading class org/testng/internal/annotations/AnnotationHelper done
Event: 1.417 Loading class java/lang/TypeNotPresentException
Event: 1.417 Loading class java/lang/TypeNotPresentException done
Event: 1.418 Loading class org/testng/annotations/IConfigurationAnnotation
Event: 1.418 Loading class org/testng/annotations/IConfigurationAnnotation done
Event: 1.419 Loading class java/lang/annotation/Documented
Event: 1.420 Loading class java/lang/annotation/Documented done
Event: 1.429 Loading class org/testng/annotations/CustomAttribute
Event: 1.429 Loading class org/testng/annotations/CustomAttribute done
Event: 1.431 Loading class org/testng/internal/annotations/DisabledRetryAnalyzer
Event: 1.431 Loading class org/testng/internal/annotations/DisabledRetryAnalyzer done
Event: 1.432 Loading class org/testng/IRetryAnalyzer
Event: 1.432 Loading class org/testng/IRetryAnalyzer done

Classes unloaded (0 events):
No events

Classes redefined (1 events):
Event: 0.298 Thread 0x00000251fdeb7be0 redefined class name=java.lang.Throwable, count=1

Internal exceptions (20 events):
Event: 0.411 Thread 0x00000251d44f9ac0 Exception <a 'java/lang/NoSuchMethodError'{0x000000008b334660}: 'void java.lang.invoke.DirectMethodHandle$Holder.invokeStatic(java.lang.Object, java.lang.Object)'> (0x000000008b334660) 
thrown [s\open\src\hotspot\share\interpreter\linkResolver.cpp, line 774]
Event: 0.411 Thread 0x00000251eea79f50 Exception <a 'java/lang/NoSuchMethodError'{0x000000008b4ecf48}: 'void java.lang.invoke.DirectMethodHandle$Holder.invokeStatic(java.lang.Object, java.lang.Object)'> (0x000000008b4ecf48) 
thrown [s\open\src\hotspot\share\interpreter\linkResolver.cpp, line 774]
Event: 0.724 Thread 0x00000251eea79f50 Exception <a 'java/lang/NoSuchMethodError'{0x000000008ad968d0}: 'int java.lang.invoke.DirectMethodHandle$Holder.invokeStaticInit(java.lang.Object, java.lang.Object)'> (0x000000008ad968d0) 
thrown [s\open\src\hotspot\share\interpreter\linkResolver.cpp, line 774]
Event: 0.906 Thread 0x00000251eea79f50 Exception <a 'java/lang/NoSuchMethodError'{0x000000008abfb5a0}: 'int java.lang.invoke.DirectMethodHandle$Holder.invokeSpecial(java.lang.Object, java.lang.Object, java.lang.Object)'> (0x000000008abfb5a0) 
thrown [s\open\src\hotspot\share\interpreter\linkResolver.cpp, line 774]
Event: 0.909 Thread 0x00000251eea79f50 Exception <a 'java/lang/NoSuchMethodError'{0x000000008aa05f28}: 'void java.lang.invoke.DelegatingMethodHandle$Holder.reinvoke_L(java.lang.Object, java.lang.Object, int)'> (0x000000008aa05f28) 
thrown [s\open\src\hotspot\share\interpreter\linkResolver.cpp, line 774]
Event: 0.911 Thread 0x00000251eea79f50 Exception <a 'java/lang/NoSuchMethodError'{0x000000008aa0c888}: 'int java.lang.invoke.Invokers$Holder.invokeExact_MT(java.lang.Object, java.lang.Object, java.lang.Object)'> (0x000000008aa0c888) 
thrown [s\open\src\hotspot\share\interpreter\linkResolver.cpp, line 774]
Event: 0.930 Thread 0x00000251eea79f50 Exception <a 'java/lang/NoSuchMethodError'{0x000000008aa395b0}: 'void java.lang.invoke.Invokers$Holder.invokeExact_MT(java.lang.Object, java.lang.Object, java.lang.Object, java.lang.Object)'> (0x000000008aa395b0) 
thrown [s\open\src\hotspot\share\interpreter\linkResolver.cpp, line 774]
Event: 0.937 Thread 0x00000251eea79f50 Exception <a 'java/lang/NoSuchMethodError'{0x000000008aa46758}: 'void java.lang.invoke.DirectMethodHandle$Holder.invokeSpecial(java.lang.Object, java.lang.Object, java.lang.Object)'> (0x000000008aa46758) 
thrown [s\open\src\hotspot\share\interpreter\linkResolver.cpp, line 774]
Event: 0.940 Thread 0x00000251eea79f50 Exception <a 'java/lang/NoSuchMethodError'{0x000000008aa4cd98}: 'void java.lang.invoke.DirectMethodHandle$Holder.invokeVirtual(java.lang.Object, java.lang.Object, int)'> (0x000000008aa4cd98) 
thrown [s\open\src\hotspot\share\interpreter\linkResolver.cpp, line 774]
Event: 0.970 Thread 0x00000251eea79f50 Exception <a 'java/lang/NoSuchMethodError'{0x000000008aac7d40}: 'java.lang.Object java.lang.invoke.DirectMethodHandle$Holder.invokeInterface(java.lang.Object, java.lang.Object)'> (0x000000008aac7d40) 
thrown [s\open\src\hotspot\share\interpreter\linkResolver.cpp, line 774]
Event: 1.063 Thread 0x00000251eea79f50 Exception <a 'java/lang/ClassNotFoundException'{0x000000008a81ed30}: com/sun/org/apache/xerces/internal/impl/msg/spi/SAXMessagesProvider> (0x000000008a81ed30) 
thrown [s\open\src\hotspot\share\classfile\systemDictionary.cpp, line 316]
Event: 1.180 Thread 0x00000251eea79f50 Exception <a 'java/lang/NoSuchMethodError'{0x000000008a756748}: 'java.lang.Object java.lang.invoke.DirectMethodHandle$Holder.invokeStaticInit(java.lang.Object, int, int, int, int)'> (0x000000008a756748) 
thrown [s\open\src\hotspot\share\interpreter\linkResolver.cpp, line 774]
Event: 1.229 Thread 0x00000251eea79f50 Exception <a 'java/lang/NoSuchMethodError'{0x000000008a7ead80}: 'java.lang.Object java.lang.invoke.DirectMethodHandle$Holder.invokeStaticInit(java.lang.Object, java.lang.Object, int, int, int, int)'> (0x000000008a7ead80) 
thrown [s\open\src\hotspot\share\interpreter\linkResolver.cpp, line 774]
Event: 1.257 Thread 0x00000251eea79f50 Exception <a 'java/lang/NoSuchMethodError'{0x000000008a65c468}: 'void java.lang.invoke.DirectMethodHandle$Holder.invokeVirtual(java.lang.Object, java.lang.Object)'> (0x000000008a65c468) 
thrown [s\open\src\hotspot\share\interpreter\linkResolver.cpp, line 774]
Event: 1.278 Thread 0x00000251eea79f50 Exception <a 'java/lang/NoSuchMethodError'{0x000000008a6bbf30}: 'void java.lang.invoke.DirectMethodHandle$Holder.invokeStatic(java.lang.Object, java.lang.Object, java.lang.Object, java.lang.Object)'> (0x000000008a6bbf30) 
thrown [s\open\src\hotspot\share\interpreter\linkResolver.cpp, line 774]
Event: 1.289 Thread 0x00000251eea79f50 Exception <a 'java/lang/NoSuchMethodError'{0x000000008a5104b8}: 'int java.lang.invoke.DirectMethodHandle$Holder.invokeInterface(java.lang.Object, java.lang.Object)'> (0x000000008a5104b8) 
thrown [s\open\src\hotspot\share\interpreter\linkResolver.cpp, line 774]
Event: 1.291 Thread 0x00000251eea79f50 Exception <a 'java/lang/NoSuchMethodError'{0x000000008a519ac0}: 'java.lang.Object java.lang.invoke.Invokers$Holder.invokeExact_MT(java.lang.Object, java.lang.Object, java.lang.Object, java.lang.Object, java.lang.Object, java.lang.Object)'> (0x000000008a519ac0) 
thrown [s\open\src\hotspot\share\interpreter\linkResolver.cpp, line 774]
Event: 1.304 Thread 0x00000251eea79f50 Exception <a 'java/lang/NoSuchMethodError'{0x000000008a551790}: 'int java.lang.invoke.DirectMethodHandle$Holder.invokeVirtual(java.lang.Object, java.lang.Object)'> (0x000000008a551790) 
thrown [s\open\src\hotspot\share\interpreter\linkResolver.cpp, line 774]
Event: 1.339 Thread 0x00000251eea79f50 Exception <a 'java/lang/NoSuchMethodError'{0x000000008a5f1548}: 'java.lang.Object java.lang.invoke.DirectMethodHandle$Holder.invokeSpecial(java.lang.Object, java.lang.Object, java.lang.Object, int, java.lang.Object)'> (0x000000008a5f1548) 
thrown [s\open\src\hotspot\share\interpreter\linkResolver.cpp, line 774]
Event: 1.360 Thread 0x00000251eea79f50 Exception <a 'java/lang/NoSuchMethodError'{0x000000008a44eab8}: 'int java.lang.invoke.DirectMethodHandle$Holder.invokeStaticInit(java.lang.Object, java.lang.Object, java.lang.Object)'> (0x000000008a44eab8) 
thrown [s\open\src\hotspot\share\interpreter\linkResolver.cpp, line 774]

VM Operations (14 events):
Event: 0.297 Executing VM operation: RedefineClasses
Event: 0.299 Executing VM operation: RedefineClasses done
Event: 0.778 Executing VM operation: HandshakeAllThreads (Deoptimize)
Event: 0.778 Executing VM operation: HandshakeAllThreads (Deoptimize) done
Event: 1.008 Executing VM operation: HandshakeAllThreads (Deoptimize)
Event: 1.008 Executing VM operation: HandshakeAllThreads (Deoptimize) done
Event: 1.078 Executing VM operation: HandshakeAllThreads (Deoptimize)
Event: 1.078 Executing VM operation: HandshakeAllThreads (Deoptimize) done
Event: 1.083 Executing VM operation: HandshakeAllThreads (Deoptimize)
Event: 1.084 Executing VM operation: HandshakeAllThreads (Deoptimize) done
Event: 1.105 Executing VM operation: HandshakeAllThreads (Deoptimize)
Event: 1.105 Executing VM operation: HandshakeAllThreads (Deoptimize) done
Event: 1.123 Executing VM operation: HandshakeAllThreads (Deoptimize)
Event: 1.123 Executing VM operation: HandshakeAllThreads (Deoptimize) done

Events (16 events):
Event: 0.043 Thread 0x00000251eea79f50 Thread added: 0x00000251eea79f50
Event: 0.066 Thread 0x00000251fdedc550 Thread added: 0x00000251fdedc550
Event: 0.066 Thread 0x00000251fdedd1c0 Thread added: 0x00000251fdedd1c0
Event: 0.066 Thread 0x00000251fdee26d0 Thread added: 0x00000251fdee26d0
Event: 0.067 Thread 0x00000251fdee3140 Thread added: 0x00000251fdee3140
Event: 0.067 Thread 0x00000251fdee4bc0 Thread added: 0x00000251fdee4bc0
Event: 0.067 Thread 0x00000251fdee5f80 Thread added: 0x00000251fdee5f80
Event: 0.067 Thread 0x00000251fdef5ec0 Thread added: 0x00000251fdef5ec0
Event: 0.067 Thread 0x00000251d4160090 Thread added: 0x00000251d4160090
Event: 0.202 Thread 0x00000251d422a1a0 Thread added: 0x00000251d422a1a0
Event: 0.300 Thread 0x00000251d445ec10 Thread added: 0x00000251d445ec10
Event: 0.373 Thread 0x00000251d44f9ac0 Thread added: 0x00000251d44f9ac0
Event: 0.373 Thread 0x00000251d44fa7e0 Thread added: 0x00000251d44fa7e0
Event: 0.532 Thread 0x00000251d4702ec0 Thread added: 0x00000251d4702ec0
Event: 1.045 Thread 0x00000251d4702ec0 Thread exited: 0x00000251d4702ec0
Event: 1.239 Thread 0x00000251d4f041b0 Thread added: 0x00000251d4f041b0


Dynamic libraries:
0x00007ff7bb5e0000 - 0x00007ff7bb5ee000 	C:\Users\DELL\.jdks\valhalla-ea-23-valhalla+1-90-1\bin\java.exe
0x00007ffe9ed20000 - 0x00007ffe9ef88000 	C:\WINDOWS\SYSTEM32\ntdll.dll
0x00007ffe9e9b0000 - 0x00007ffe9ea79000 	C:\WINDOWS\System32\KERNEL32.DLL
0x00007ffe9c6c0000 - 0x00007ffe9cab8000 	C:\WINDOWS\System32\KERNELBASE.dll
0x00007ffe9bea0000 - 0x00007ffe9bfeb000 	C:\WINDOWS\System32\ucrtbase.dll
0x00007ffe8b5c0000 - 0x00007ffe8b5db000 	C:\Users\DELL\.jdks\valhalla-ea-23-valhalla+1-90-1\bin\VCRUNTIME140.dll
0x00007ffe8b8d0000 - 0x00007ffe8b8e7000 	C:\Users\DELL\.jdks\valhalla-ea-23-valhalla+1-90-1\bin\jli.dll
0x00007ffe9e7b0000 - 0x00007ffe9e977000 	C:\WINDOWS\System32\USER32.dll
0x00007ffe9be70000 - 0x00007ffe9be97000 	C:\WINDOWS\System32\win32u.dll
0x00007ffe6b900000 - 0x00007ffe6bb94000 	C:\WINDOWS\WinSxS\amd64_microsoft.windows.common-controls_6595b64144ccf1df_6.0.26100.7019_none_3e06ffa0e335b8a8\COMCTL32.dll
0x00007ffe9e700000 - 0x00007ffe9e7a9000 	C:\WINDOWS\System32\msvcrt.dll
0x00007ffe9d9b0000 - 0x00007ffe9d9db000 	C:\WINDOWS\System32\GDI32.dll
0x00007ffe9c590000 - 0x00007ffe9c6bc000 	C:\WINDOWS\System32\gdi32full.dll
0x00007ffe9c080000 - 0x00007ffe9c123000 	C:\WINDOWS\System32\msvcp_win.dll
0x00007ffe9e020000 - 0x00007ffe9e051000 	C:\WINDOWS\System32\IMM32.DLL
0x00007ffe8b8c0000 - 0x00007ffe8b8cc000 	C:\Users\DELL\.jdks\valhalla-ea-23-valhalla+1-90-1\bin\vcruntime140_1.dll
0x00007ffe6f910000 - 0x00007ffe6f99e000 	C:\Users\DELL\.jdks\valhalla-ea-23-valhalla+1-90-1\bin\msvcp140.dll
0x00007ffdeda30000 - 0x00007ffdee7ed000 	C:\Users\DELL\.jdks\valhalla-ea-23-valhalla+1-90-1\bin\server\jvm.dll
0x00007ffe9dae0000 - 0x00007ffe9db94000 	C:\WINDOWS\System32\ADVAPI32.dll
0x00007ffe9df60000 - 0x00007ffe9e006000 	C:\WINDOWS\System32\sechost.dll
0x00007ffe9e060000 - 0x00007ffe9e178000 	C:\WINDOWS\System32\RPCRT4.dll
0x00007ffe9ea80000 - 0x00007ffe9eaf4000 	C:\WINDOWS\System32\WS2_32.dll
0x00007ffe9bcd0000 - 0x00007ffe9bd2e000 	C:\WINDOWS\SYSTEM32\POWRPROF.dll
0x00007ffe6ac00000 - 0x00007ffe6ac35000 	C:\WINDOWS\SYSTEM32\WINMM.dll
0x00007ffe8a5a0000 - 0x00007ffe8a5ab000 	C:\WINDOWS\SYSTEM32\VERSION.dll
0x00007ffe9bcb0000 - 0x00007ffe9bcc4000 	C:\WINDOWS\SYSTEM32\UMPDC.dll
0x00007ffe9abf0000 - 0x00007ffe9ac0b000 	C:\WINDOWS\SYSTEM32\kernel.appcore.dll
0x00007ffe8b5b0000 - 0x00007ffe8b5ba000 	C:\Users\DELL\.jdks\valhalla-ea-23-valhalla+1-90-1\bin\jimage.dll
0x00007ffe99650000 - 0x00007ffe99892000 	C:\WINDOWS\SYSTEM32\DBGHELP.DLL
0x00007ffe9cb30000 - 0x00007ffe9cebb000 	C:\WINDOWS\System32\combase.dll
0x00007ffe9ddc0000 - 0x00007ffe9de97000 	C:\WINDOWS\System32\OLEAUT32.dll
0x00007ffe83850000 - 0x00007ffe8388c000 	C:\WINDOWS\SYSTEM32\dbgcore.DLL
0x00007ffe9c4e0000 - 0x00007ffe9c585000 	C:\WINDOWS\System32\bcryptPrimitives.dll
0x00007ffe8b5a0000 - 0x00007ffe8b5af000 	C:\Users\DELL\.jdks\valhalla-ea-23-valhalla+1-90-1\bin\instrument.dll
0x00007ffe802f0000 - 0x00007ffe8030e000 	C:\Users\DELL\.jdks\valhalla-ea-23-valhalla+1-90-1\bin\java.dll
0x00007ffe9d0b0000 - 0x00007ffe9d7ff000 	C:\WINDOWS\System32\SHELL32.dll
0x00007ffe9c1f0000 - 0x00007ffe9c35b000 	C:\WINDOWS\System32\wintypes.dll
0x00007ffe9d810000 - 0x00007ffe9d9a7000 	C:\WINDOWS\System32\ole32.dll
0x00007ffe802d0000 - 0x00007ffe802e7000 	C:\Users\DELL\.jdks\valhalla-ea-23-valhalla+1-90-1\bin\zip.dll
0x00007ffe99a50000 - 0x00007ffe9a2ad000 	C:\WINDOWS\SYSTEM32\windows.storage.dll
0x00007ffe9d9e0000 - 0x00007ffe9dad2000 	C:\WINDOWS\System32\SHCORE.dll
0x00007ffe9cac0000 - 0x00007ffe9cb27000 	C:\WINDOWS\System32\shlwapi.dll
0x00007ffe9bd90000 - 0x00007ffe9bdb9000 	C:\WINDOWS\SYSTEM32\profapi.dll
0x00007ffe6eda0000 - 0x00007ffe6ee77000 	C:\Users\DELL\.jdks\valhalla-ea-23-valhalla+1-90-1\bin\jsvml.dll
0x00007ffe8b2a0000 - 0x00007ffe8b2b0000 	C:\Users\DELL\.jdks\valhalla-ea-23-valhalla+1-90-1\bin\net.dll
0x00007ffe9b140000 - 0x00007ffe9b1ab000 	C:\WINDOWS\system32\mswsock.dll
0x00007ffe6f9e0000 - 0x00007ffe6f9f6000 	C:\Users\DELL\.jdks\valhalla-ea-23-valhalla+1-90-1\bin\nio.dll
0x00007ffe803f0000 - 0x00007ffe803f9000 	C:\Users\DELL\.jdks\valhalla-ea-23-valhalla+1-90-1\bin\extnet.dll
0x00007ffe9b530000 - 0x00007ffe9b54b000 	C:\WINDOWS\SYSTEM32\CRYPTSP.dll
0x00007ffe9ab50000 - 0x00007ffe9ab8a000 	C:\WINDOWS\system32\rsaenh.dll
0x00007ffe9b1f0000 - 0x00007ffe9b21b000 	C:\WINDOWS\SYSTEM32\USERENV.dll
0x00007ffe9bd60000 - 0x00007ffe9bd8a000 	C:\WINDOWS\SYSTEM32\bcrypt.dll
0x00007ffe9b390000 - 0x00007ffe9b39c000 	C:\WINDOWS\SYSTEM32\CRYPTBASE.dll
0x00007ffe9a690000 - 0x00007ffe9a6c4000 	C:\WINDOWS\SYSTEM32\IPHLPAPI.DLL
0x00007ffe9eb50000 - 0x00007ffe9eb5a000 	C:\WINDOWS\System32\NSI.dll

dbghelp: loaded successfully - version: 4.0.5 - missing functions: none
symbol engine: initialized successfully - sym options: 0x614 - pdb path: .;C:\Users\DELL\.jdks\valhalla-ea-23-valhalla+1-90-1\bin;C:\WINDOWS\SYSTEM32;C:\WINDOWS\WinSxS\amd64_microsoft.windows.common-controls_6595b64144ccf1df_6.0.26100.7019_none_3e06ffa0e335b8a8;C:\Users\DELL\.jdks\valhalla-ea-23-valhalla+1-90-1\bin\server

VM Arguments:
jvm_args: -javaagent:C:\Users\DELL\AppData\Local\JetBrains\IntelliJIdea2025.2\captureAgent\debugger-agent.jar=file:///C:/Users/DELL/AppData/Local/Temp/capture16156636573568797434.props -ea -Didea.test.cyclic.buffer.size=1048576 -javaagent:C:\Program Files\JetBrains\IntelliJ IDEA 2025.2.1\lib\idea_rt.jar=56855 -Dkotlinx.coroutines.debug.enable.creation.stack.trace=false -Ddebugger.agent.enable.coroutines=true -Dkotlinx.coroutines.debug.enable.flows.stack.trace=true -Dkotlinx.coroutines.debug.enable.mutable.state.flows.stack.trace=true -Dfile.encoding=UTF-8 -Dsun.stdout.encoding=UTF-8 -Dsun.stderr.encoding=UTF-8 
java_command: com.intellij.rt.testng.RemoteTestNGStarter -usedefaultlisteners false -socket56854 @w@C:\Users\DELL\AppData\Local\Temp\idea_working_dirs_testng.tmp -temp C:\Users\DELL\AppData\Local\Temp\idea_testng.tmp
java_class_path (initial): C:\Program Files\JetBrains\IntelliJ IDEA 2025.2.1\lib\idea_rt.jar;C:\Program Files\JetBrains\IntelliJ IDEA 2025.2.1\plugins\testng\lib\testng-rt.jar;C:\Users\DELL\Documents\bootcamp\Ofra Or\selenium\Final Project\Final-Project\target\test-classes;C:\Users\DELL\Documents\bootcamp\Ofra Or\selenium\Final Project\Final-Project\target\classes;C:\Users\DELL\.m2\repository\org\seleniumhq\selenium\selenium-java\4.35.0\selenium-java-4.35.0.jar;C:\Users\DELL\.m2\repository\org\seleniumhq\selenium\selenium-api\4.35.0\selenium-api-4.35.0.jar;C:\Users\DELL\.m2\repository\org\jspecify\jspecify\1.0.0\jspecify-1.0.0.jar;C:\Users\DELL\.m2\repository\org\seleniumhq\selenium\selenium-chrome-driver\4.35.0\selenium-chrome-driver-4.35.0.jar;C:\Users\DELL\.m2\repository\com\google\auto\service\auto-service-annotations\1.1.1\auto-service-annotations-1.1.1.jar;C:\Users\DELL\.m2\repository\org\seleniumhq\selenium\selenium-chromium-driver\4.35.0\selenium-chromium-driver-4.35.0.jar;C:\Users\DELL\.m2\repository\org\seleniumhq\selenium\selenium-json\4.35.0\selenium-json-4.35.0.jar;C:\Users\DELL\.m2\repository\org\seleniumhq\selenium\selenium-manager\4.35.0\selenium-manager-4.35.0.jar;C:\Users\DELL\.m2\repository\org\seleniumhq\selenium\selenium-devtools-v137\4.35.0\selenium-devtools-v137-4.35.0.jar;C:\Users\DELL\.m2\repository\org\seleniumhq\selenium\selenium-devtools-v138\4.35.0\selenium-devtools-v138-4.35.0.jar;C:\Users\DELL\.m2\repository\org\seleniumhq\selenium\selenium-devtools-v139\4.35.0\selenium-devtools-v139-4.35.0.jar;C:\Users\DELL\.m2\repository\org\seleniumhq\selenium\selenium-edge-driver\4.35.0\selenium-edge-driver-4.35.0.jar;C:\Users\DELL\.m2\repository\org\seleniumhq\selenium\selenium-firefox-driver\4.35.0\selenium-firefox-driver-4.35.0.jar;C:\Users\DELL\.m2\repository\org\seleniumhq\selenium\selenium-http\4.35.0\selenium-http-4.35.0.jar;C:\Users\DELL\.m2\repository\org\seleniumhq\selenium\selenium-ie-driver\4.35.0\selenium-ie-driver-4.35.0.jar;C:\Users\DELL\.m2\repository\org\seleniumhq\selenium\selenium-remote-driver\4.35.0\selenium-remote-driver-4.35.0.jar;C:\Users\DELL\.m2\repository\com\google\guava\guava\33.4.8-jre\guava-33.4.8-jre.jar;C:\Users\DELL\.m2\repository\com\google\guava\failureaccess\1.0.3\failureaccess-1.0.3.jar;C:\Users\DELL\.m2\repository\com\google\guava\listenablefuture\9999.0-empty-to-avoid-conflict-with-guava\listenablefuture-9999.0-empty-to-avoid-conflict-with-guava.jar;C:\Users\DELL\.m2\repository\com\google\j2objc\j2objc-annotations\3.0.0\j2objc-annotations-3.0.0.jar;C:\Users\DELL\.m2\repository\io\opentelemetry\opentelemetry-api\1.53.0\opentelemetry-api-1.53.0.jar;C:\Users\DELL\.m2\repository\io\opentelemetry\opentelemetry-context\1.53.0\opentelemetry-context-1.53.0.jar;C:\Users\DELL\.m2\repository\io\opentelemetry\opentelemetry-common\1.53.0\opentelemetry-common-1.53.0.jar;C:\Users\DELL\.m2\repository\io\opentelemetry\opentelemetry-exporter-logging\1.53.0\opentelemetry-exporter-logging-1.53.0.jar;C:\Users\DELL\.m2\repository\io\opentelemetry\opentelemetry-sdk-common\1.53.0\opentelemetry-sdk-common-1.53.0.jar;C:\Users\DELL\.m2\repository\io\opentelemetry\opentelemetry-sdk-extension-autoconfigure-spi\1.53.0\opentelemetry-sdk-extension-autoconfigure-spi-1.53.0.jar;C:\Users\DELL\.m2\repository\io\opentelemetry\opentelemetry-sdk-extension-autoconfigure\1.53.0\opentelemetry-sdk-extension-autoconfigure-1.53.0.jar;C:\Users\DELL\.m2\repository\io\opentelemetry\opentelemetry-sdk-trace\1.53.0\opentelemetry-sdk-trace-1.53.0.jar;C:\Users\DELL\.m2\repository\io\opentelemetry\opentelemetry-sdk\1.53.0\opentelemetry-sdk-1.53.0.jar;C:\Users\DELL\.m2\repository\io\opentelemetry\opentelemetry-sdk-metrics\1.53.0\opentelemetry-sdk-metrics-1.53.0.jar;C:\Users\DELL\.m2\repository\io\opentelemetry\opentelemetry-sdk-logs\1.53.0\opentelemetry-sdk-logs-1.53.0.jar;C:\Users\DELL\.m2\repository\net\bytebuddy\byte-buddy\1.17.6\byte-buddy-1.17.6.jar;C:\Users\DELL\.m2\repository\org\seleniumhq\selenium\selenium-os\4.35.0\selenium-os-4.35.0.jar;C:\Users\DELL\.m2\repository\org\apache\commons\commons-exec\1.5.0\commons-exec-1.5.0.jar;C:\Users\DELL\.m2\repository\org\seleniumhq\selenium\selenium-safari-driver\4.35.0\selenium-safari-driver-4.35.0.jar;C:\Users\DELL\.m2\repository\org\seleniumhq\selenium\selenium-support\4.35.0\selenium-support-4.35.0.jar;C:\Users\DELL\.m2\repository\io\github\bonigarcia\webdrivermanager\6.2.0\webdrivermanager-6.2.0.jar;C:\Users\DELL\.m2\repository\org\slf4j\slf4j-api\2.0.17\slf4j-api-2.0.17.jar;C:\Users\DELL\.m2\repository\com\google\code\gson\gson\2.13.1\gson-2.13.1.jar;C:\Users\DELL\.m2\repository\com\google\errorprone\error_prone_annotations\2.38.0\error_prone_annotations-2.38.0.jar;C:\Users\DELL\.m2\repository\com\github\docker-java\docker-java\3.5.3\docker-java-3.5.3.jar;C:\Users\DELL\.m2\repository\com\github\docker-java\docker-java-core\3.5.3\docker-java-core-3.5.3.jar;C:\Users\DELL\.m2\repository\com\github\docker-java\docker-java-api\3.5.3\docker-java-api-3.5.3.jar;C:\Users\DELL\.m2\repository\com\fasterxml\jackson\core\jackson-annotations\2.18.4\jackson-annotations-2.18.4.jar;C:\Users\DELL\.m2\repository\com\fasterxml\jackson\core\jackson-databind\2.18.4\jackson-databind-2.18.4.jar;C:\Users\DELL\.m2\repository\com\fasterxml\jackson\core\jackson-core\2.18.4\jackson-core-2.18.4.jar;C:\Users\DELL\.m2\repository\org\slf4j\jcl-over-slf4j\1.7.30\jcl-over-slf4j-1.7.30.jar;C:\Users\DELL\.m2\repository\com\github\docker-java\docker-java-transport-httpclient5\3.5.3\docker-java-transport-httpclient5-3.5.3.jar;C:\Users\DELL\.m2\repository\com\github\docker-java\docker-java-transport\3.5.3\docker-java-transport-3.5.3.jar;C:\Users\DELL\.m2\repository\net\java\dev\jna\jna\5.17.0\jna-5.17.0.jar;C:\Users\DELL\.m2\repository\org\brotli\dec\0.1.2\dec-0.1.2.jar;C:\Users\DELL\.m2\repository\org\apache\commons\commons-lang3\3.18.0\commons-lang3-3.18.0.jar;C:\Users\DELL\.m2\repository\org\apache\commons\commons-compress\1.27.1\commons-compress-1.27.1.jar;C:\Users\DELL\.m2\repository\org\apache\httpcomponents\client5\httpclient5\5.4.3\httpclient5-5.4.3.jar;C:\Users\DELL\.m2\repository\org\apache\httpcomponents\core5\httpcore5\5.3.4\httpcore5-5.3.4.jar;C:\Users\DELL\.m2\repository\org\apache\httpcomponents\core5\httpcore5-h2\5.3.4\httpcore5-h2-5.3.4.jar;C:\Users\DELL\.m2\repository\net\java\dev\jna\jna-platform\5.17.0\jna-platform-5.17.0.jar;C:\Users\DELL\.m2\repository\org\testng\testng\7.8.0\testng-7.8.0.jar;C:\Users\DELL\.m2\repository\com\beust\jcommander\1.82\jcommander-1.82.jar;C:\Users\DELL\.m2\repository\org\webjars\jquery\3.6.1\jquery-3.6.1.jar;C:\Users\DELL\.m2\repository\commons-io\commons-io\2.14.0\commons-io-2.14.0.jar;C:\Users\DELL\.m2\repository\org\apache\poi\poi\5.4.1\poi-5.4.1.jar;C:\Users\DELL\.m2\repository\commons-codec\commons-codec\1.18.0\commons-codec-1.18.0.jar;C:\Users\DELL\.m2\repository\org\apache\commons\commons-collections4\4.4\commons-collections4-4.4.jar;C:\Users\DELL\.m2\repository\org\apache\commons\commons-math3\3.6.1\commons-math3-3.6.1.jar;C:\Users\DELL\.m2\repository\com\zaxxer\SparseBitSet\1.3\SparseBitSet-1.3.jar;C:\Users\DELL\.m2\repository\org\apache\logging\log4j\log4j-api\2.24.3\log4j-api-2.24.3.jar;C:\Users\DELL\.m2\repository\org\apache\poi\poi-ooxml\5.4.1\poi-ooxml-5.4.1.jar;C:\Users\DELL\.m2\repository\org\apache\poi\poi-ooxml-lite\5.4.1\poi-ooxml-lite-5.4.1.jar;C:\Users\DELL\.m2\repository\org\apache\xmlbeans\xmlbeans\5.3.0\xmlbeans-5.3.0.jar;C:\Users\DELL\.m2\repository\com\github\virtuald\curvesapi\1.08\curvesapi-1.08.jar
Launcher Type: SUN_STANDARD

[Global flags]
     intx CICompilerCount                          = 4                                         {product} {ergonomic}
     uint ConcGCThreads                            = 2                                         {product} {ergonomic}
     uint G1ConcRefinementThreads                  = 8                                         {product} {ergonomic}
   size_t G1HeapRegionSize                         = 1048576                                   {product} {ergonomic}
   size_t InitialHeapSize                          = 132120576                                 {product} {ergonomic}
   size_t MarkStackSize                            = 4194304                                   {product} {ergonomic}
   size_t MarkStackSizeMax                         = 536870912                                 {product} {ergonomic}
   size_t MaxHeapSize                              = 2086666240                                {product} {ergonomic}
   size_t MaxNewSize                               = 1251999744                                {product} {ergonomic}
   size_t MinHeapDeltaBytes                        = 1048576                                   {product} {ergonomic}
   size_t MinHeapSize                              = 8388608                                   {product} {ergonomic}
    uintx NonNMethodCodeHeapSize                   = 5839372                                {pd product} {ergonomic}
    uintx NonProfiledCodeHeapSize                  = 122909434                              {pd product} {ergonomic}
    uintx ProfiledCodeHeapSize                     = 122909434                              {pd product} {ergonomic}
    uintx ReservedCodeCacheSize                    = 251658240                              {pd product} {ergonomic}
     bool SegmentedCodeCache                       = true                                      {product} {ergonomic}
   size_t SoftMaxHeapSize                          = 2086666240                             {manageable} {ergonomic}
     bool UseCompressedOops                        = true                           {product lp64_product} {ergonomic}
     bool UseG1GC                                  = true                                      {product} {ergonomic}
     bool UseLargePagesIndividualAllocation        = false                                  {pd product} {ergonomic}

Logging:
Log output configuration:
 #0: stdout all=warning uptime,level,tags foldmultilines=false
 #1: stderr all=off uptime,level,tags foldmultilines=false

Environment Variables:
PATH=C:\Program Files (x86)\Python38-32\Scripts\;C:\Program Files (x86)\Python38-32\;C:\Program Files\Microsoft\jdk-11.0.16.101-hotspot\bin;C:\Program Files\Python310\Scripts\;C:\Program Files\Python310\;C:\Windows\system32;C:\Windows;C:\Windows\System32\Wbem;C:\Windows\System32\WindowsPowerShell\v1.0\;C:\Windows\System32\OpenSSH\;C:\Program Files (x86)\Microsoft SQL Server\150\DTS\Binn\;C:\Program Files\Microsoft SQL Server\Client SDK\ODBC\170\Tools\Binn\;C:\Program Files (x86)\Microsoft SQL Server\150\Tools\Binn\;C:\Program Files\Microsoft SQL Server\150\Tools\Binn\;C:\Program Files\Microsoft SQL Server\150\DTS\Binn\;C:\Program Files\dotnet\;C:\Program Files\nodejs\;C:\WINDOWS\system32;C:\WINDOWS;C:\WINDOWS\System32\Wbem;C:\WINDOWS\System32\WindowsPowerShell\v1.0\;C:\WINDOWS\System32\OpenSSH\;C:\Program Files\Git\cmd;C:\Program Files\Docker\Docker\resources\bin;C:\Program Files\Java\jdk1.8.0_201\bin;C:\Users\DELL\AppData\Local\Programs\Microsoft VS Code\bin;C:\Users\DELL\AppData\Local\Microsoft\WindowsApps;C:\Users\DELL\.dotnet\tools;C:\Users\DELL\AppData\Local\Microsoft\WindowsApps\python.exe;C:\Program Files\Python310\python.exe;C:\Program Files\JetBrains\IntelliJ IDEA 2025.2.1\bin
USERNAME=DELL
OS=Windows_NT
PROCESSOR_IDENTIFIER=Intel64 Family 6 Model 142 Stepping 12, GenuineIntel
TMP=C:\Users\DELL\AppData\Local\Temp
TEMP=C:\Users\DELL\AppData\Local\Temp




Periodic native trim disabled

---------------  S Y S T E M  ---------------

OS:
 Windows 11 , 64 bit Build 26100 (10.0.26100.7019)
OS uptime: 0 days 1:59 hours
Hyper-V role detected

CPU: total 8 (initial active 8) (4 cores per cpu, 2 threads per core) family 6 model 142 stepping 12 microcode 0x100, cx8, cmov, fxsr, ht, mmx, 3dnowpref, sse, sse2, sse3, ssse3, sse4.1, sse4.2, popcnt, lzcnt, tsc, tscinvbit, avx, avx2, aes, erms, clmul, bmi1, bmi2, adx, fma, vzeroupper, clflush, clflushopt, hv, rdtscp, f16c
Processor Information for all 8 processors :
  Max Mhz: 2304, Current Mhz: 1803, Mhz Limit: 1797

Memory: 4k page, system-wide physical 7952M (618M free)
TotalPageFile size 18693M (AvailPageFile size 0M)
current process WorkingSet (physical memory assigned to process): 98M, peak: 98M
current process commit charge ("private bytes"): 233M, peak: 233M

vm_info: OpenJDK 64-Bit Server VM (23-valhalla+1-90) for windows-amd64 JRE (23-valhalla+1-90), built on 2024-07-26T06:46:18Z by "mach5one" with MS VC++ 17.6 (VS2022)

END.
